#
# A fatal error has been detected by the Java Runtime Environment:
#
#  EXCEPTION_ACCESS_VIOLATION (0xc0000005) at pc=0x000000006c91d935, pid=15392, tid=0x00000000000027d4
#
# JRE version: Java(TM) SE Runtime Environment (8.0_231-b11) (build 1.8.0_231-b11)
# Java VM: Java HotSpot(TM) 64-Bit Server VM (25.231-b11 mixed mode windows-amd64 compressed oops)
# Problematic frame:
# V  [jvm.dll+0x40d935]
#
# Failed to write core dump. Minidumps are not enabled by default on client versions of Windows
#
# If you would like to submit a bug report, please visit:
#   http://bugreport.java.com/bugreport/crash.jsp
#

---------------  T H R E A D  ---------------

Current thread (0x0000000003055000):  GCTaskThread [stack: 0x0000000013940000,0x0000000013a40000] [id=10196]

siginfo: ExceptionCode=0xc0000005, ExceptionInformation=0x0000000000000008 0x000000000080d935

Registers:
RAX=0x000000000000001a, RBX=0x000000000000000b, RCX=0x000000000000000d, RDX=0x000000001eb001c0
RSP=0x0000000013a3f930, RBP=0x0000000013a3fa10, RSI=0x0000000000000007, RDI=0x0000000003129c50
R8 =0x0000000000000000, R9 =0x000000005675ace5, R10=0x0000000000000004, R11=0x0000000013a3f9a0
R12=0x0000000000000016, R13=0x0000000013a3fa28, R14=0x0000000000000000, R15=0x0000000003055350
RIP=0x000000006c91d935, EFLAGS=0x0000000000010297

Top of Stack: (sp=0x0000000013a3f930)
0x0000000013a3f930:   000000000312b720 000000006cb6c108
0x0000000013a3f940:   001548600000e79e 001548610000e79e
0x0000000013a3f950:   0014f89200018800 0000000000000000
0x0000000013a3f960:   0000000600000000 00148ada0001d0b5
0x0000000013a3f970:   00000006da7b1dc0 000000006c78f1ef
0x0000000013a3f980:   00000006da7b1dc8 000000000304d280
0x0000000013a3f990:   0000000003055350 0000000003055340
0x0000000013a3f9a0:   0000000003055340 000000000304d280
0x0000000013a3f9b0:   000000006cb6c108 0000000000000007
0x0000000013a3f9c0:   000000002186b760 000000006c909bb4
0x0000000013a3f9d0:   000000000312b720 000000000312b720
0x0000000013a3f9e0:   0000000000000000 000000006cb6c108
0x0000000013a3f9f0:   00000007b1610000 00000000005cac00
0x0000000013a3fa00:   000000002186b760 000000006c90706e
0x0000000013a3fa10:   000000005675ace5 0000000003055000
0x0000000013a3fa20:   0000000000000000 00000006da7b1db0 

Instructions: (pc=0x000000006c91d935)
0x000000006c91d915:   70 45 33 f6 48 8b f9 8b 49 08 8d 04 09 4d 8b e9
0x000000006c91d925:   49 8b e8 8b f2 45 8b e6 85 c0 0f 84 2a 02 00 00
0x000000006c91d935:   83 f9 02 0f 86 74 01 00 00 66 90 48 8b cd e8 e8
0x000000006c91d945:   16 e7 ff 33 d2 f7 77 08 8b da 3b d6 74 ed 8b d6 


Register to memory mapping:

RAX=0x000000000000001a is an unknown value
RBX=0x000000000000000b is an unknown value
RCX=0x000000000000000d is an unknown value
RDX=0x000000001eb001c0 is an unknown value
RSP=0x0000000013a3f930 is an unknown value
RBP=0x0000000013a3fa10 is an unknown value
RSI=0x0000000000000007 is an unknown value
RDI=0x0000000003129c50 is an unknown value
R8 =0x0000000000000000 is an unknown value
R9 =0x000000005675ace5 is an unknown value
R10=0x0000000000000004 is an unknown value
R11=0x0000000013a3f9a0 is an unknown value
R12=0x0000000000000016 is an unknown value
R13=0x0000000013a3fa28 is an unknown value
R14=0x0000000000000000 is an unknown value
R15=0x0000000003055350 is an unknown value


Stack: [0x0000000013940000,0x0000000013a40000],  sp=0x0000000013a3f930,  free space=1022k
Native frames: (J=compiled Java code, j=interpreted, Vv=VM code, C=native code)
V  [jvm.dll+0x40d935]
V  [jvm.dll+0x3f9bb4]
V  [jvm.dll+0x3f706e]
V  [jvm.dll+0x29fd8a]
C  [msvcr100.dll+0x21d9f]
C  [msvcr100.dll+0x21e3b]
C  [KERNEL32.DLL+0x17bd4]
C  [ntdll.dll+0x6ced1]


---------------  P R O C E S S  ---------------

Java Threads: ( => current thread )
  0x000000001ec60000 JavaThread "Service Thread" daemon [_thread_blocked, id=15320, stack(0x0000000021410000,0x0000000021510000)]
  0x000000001ebdc800 JavaThread "C1 CompilerThread11" daemon [_thread_blocked, id=8636, stack(0x0000000021310000,0x0000000021410000)]
  0x000000001ebdf800 JavaThread "C1 CompilerThread10" daemon [_thread_blocked, id=1644, stack(0x0000000021210000,0x0000000021310000)]
  0x000000001ebdf000 JavaThread "C1 CompilerThread9" daemon [_thread_blocked, id=13368, stack(0x0000000021110000,0x0000000021210000)]
  0x000000001ebde000 JavaThread "C1 CompilerThread8" daemon [_thread_blocked, id=15708, stack(0x0000000021010000,0x0000000021110000)]
  0x000000001ebbe000 JavaThread "C2 CompilerThread7" daemon [_thread_blocked, id=11212, stack(0x0000000020f10000,0x0000000021010000)]
  0x000000001ebaf800 JavaThread "C2 CompilerThread6" daemon [_thread_blocked, id=2668, stack(0x0000000020e10000,0x0000000020f10000)]
  0x000000001ebaf000 JavaThread "C2 CompilerThread5" daemon [_thread_blocked, id=16548, stack(0x0000000020d10000,0x0000000020e10000)]
  0x000000001eba8000 JavaThread "C2 CompilerThread4" daemon [_thread_blocked, id=4420, stack(0x0000000020c10000,0x0000000020d10000)]
  0x000000001eba7800 JavaThread "C2 CompilerThread3" daemon [_thread_blocked, id=8692, stack(0x0000000020b10000,0x0000000020c10000)]
  0x000000001eba4800 JavaThread "C2 CompilerThread2" daemon [_thread_blocked, id=3584, stack(0x0000000020a10000,0x0000000020b10000)]
  0x000000001eba4000 JavaThread "C2 CompilerThread1" daemon [_thread_blocked, id=5048, stack(0x0000000020910000,0x0000000020a10000)]
  0x000000001eba1000 JavaThread "C2 CompilerThread0" daemon [_thread_blocked, id=15232, stack(0x0000000020810000,0x0000000020910000)]
  0x000000001eba0000 JavaThread "Attach Listener" daemon [_thread_blocked, id=7196, stack(0x0000000020710000,0x0000000020810000)]
  0x000000001eb9b000 JavaThread "Signal Dispatcher" daemon [_thread_blocked, id=16048, stack(0x0000000020610000,0x0000000020710000)]
  0x000000001d104000 JavaThread "Finalizer" daemon [_thread_blocked, id=9104, stack(0x00000000203e0000,0x00000000204e0000)]
  0x000000001eb86000 JavaThread "Reference Handler" daemon [_thread_blocked, id=11788, stack(0x00000000202e0000,0x00000000203e0000)]
  0x0000000002f2e000 JavaThread "main" [_thread_blocked, id=11440, stack(0x0000000002f30000,0x0000000003030000)]

Other Threads:
  0x000000001eb62800 VMThread [stack: 0x00000000201e0000,0x00000000202e0000] [id=6812]
  0x000000001ecc9800 WatcherThread [stack: 0x0000000021510000,0x0000000021610000] [id=9916]

=>0x0000000003055000 (exited) GCTaskThread [stack: 0x0000000013940000,0x0000000013a40000] [id=10196]

VM state:at safepoint (normal execution)

VM Mutex/Monitor currently owned by a thread:  ([mutex/lock_event])
[0x0000000002f2de40] Threads_lock - owner thread: 0x000000001eb62800
[0x0000000002f2d040] Heap_lock - owner thread: 0x0000000002f2e000

heap address: 0x00000006c1000000, size: 4080 MB, Compressed Oops mode: Zero based, Oop shift amount: 3
Narrow klass base: 0x0000000000000000, Narrow klass shift: 3
Compressed class space size: 1073741824 Address: 0x00000007c0000000

Heap:
 PSYoungGen      total 1053696K, used 239586K [0x000000076b000000, 0x00000007c0000000, 0x00000007c0000000)
  eden space 814080K, 0% used [0x000000076b000000,0x000000076b000000,0x000000079cb00000)
  from space 239616K, 99% used [0x00000007b1600000,0x00000007bfff8a88,0x00000007c0000000)
  to   space 289280K, 0% used [0x000000079cb00000,0x000000079cb00000,0x00000007ae580000)
 ParOldGen       total 576512K, used 467078K [0x00000006c1000000, 0x00000006e4300000, 0x000000076b000000)
  object space 576512K, 81% used [0x00000006c1000000,0x00000006dd821888,0x00000006e4300000)
 Metaspace       used 3776K, capacity 4662K, committed 4864K, reserved 1056768K
  class space    used 431K, capacity 471K, committed 512K, reserved 1048576K

Card table byte_map: [0x00000000124f0000,0x0000000012cf0000] byte_map_base: 0x000000000eee8000

Marking Bits: (ParMarkBitMap*) 0x000000006cd36d90
 Begin Bits: [0x0000000013f40000, 0x0000000017f00000)
 End Bits:   [0x0000000017f00000, 0x000000001bec0000)

Polling page: 0x0000000001170000

CodeCache: size=245760Kb used=3367Kb max_used=3390Kb free=242392Kb
 bounds [0x0000000003130000, 0x0000000003490000, 0x0000000012130000]
 total_blobs=539 nmethods=279 adapters=170
 compilation: enabled

Compilation events (10 events):
Event: 0.085 Thread 0x000000001eba4000 nmethod 270 0x0000000003466f10 code [0x0000000003467060, 0x0000000003467488]
Event: 0.085 Thread 0x000000001eba8000 nmethod 276 0x0000000003466a10 code [0x0000000003466b60, 0x0000000003466cc8]
Event: 0.085 Thread 0x000000001ebaf800 nmethod 274 0x000000000346ac50 code [0x000000000346ada0, 0x000000000346b0f8]
Event: 0.085 Thread 0x000000001eba7800 nmethod 268 0x0000000003469e50 code [0x0000000003469fe0, 0x000000000346a608]
Event: 0.102 Thread 0x000000001ebdf800  277 %     3       at.eliastrummer.bruteforce.BrutoForceWorker::getAll @ 127 (246 bytes)
Event: 0.103 Thread 0x000000001ebdf800 nmethod 277% 0x000000000346d090 code [0x000000000346d540, 0x00000000034705c8]
Event: 0.105 Thread 0x000000001ebde000  278       3       at.eliastrummer.bruteforce.BrutoForceWorker::getAll (246 bytes)
Event: 0.106 Thread 0x000000001ebde000 nmethod 278 0x0000000003471f10 code [0x0000000003472540, 0x0000000003476428]
Event: 0.113 Thread 0x000000001ebbe000  279 %     4       at.eliastrummer.bruteforce.BrutoForceWorker::getAll @ 127 (246 bytes)
Event: 0.156 Thread 0x000000001ebbe000 nmethod 279% 0x000000000347da10 code [0x000000000347dd20, 0x0000000003480a70]

GC Heap History (10 events):
Event: 3.019 GC heap after
Heap after GC invocations=10 (full 1):
 PSYoungGen      total 1125376K, used 118756K [0x000000076b000000, 0x00000007c0000000, 0x00000007c0000000)
  eden space 1006592K, 0% used [0x000000076b000000,0x000000076b000000,0x00000007a8700000)
  from space 118784K, 99% used [0x00000007a8700000,0x00000007afaf92f0,0x00000007afb00000)
  to   space 171008K, 0% used [0x00000007b5900000,0x00000007b5900000,0x00000007c0000000)
 ParOldGen       total 333824K, used 252663K [0x00000006c1000000, 0x00000006d5600000, 0x000000076b000000)
  object space 333824K, 75% used [0x00000006c1000000,0x00000006d06bdf88,0x00000006d5600000)
 Metaspace       used 3776K, capacity 4662K, committed 4864K, reserved 1056768K
  class space    used 431K, capacity 471K, committed 512K, reserved 1048576K
}
Event: 3.169 GC heap before
{Heap before GC invocations=11 (full 1):
 PSYoungGen      total 1125376K, used 1125348K [0x000000076b000000, 0x00000007c0000000, 0x00000007c0000000)
  eden space 1006592K, 100% used [0x000000076b000000,0x00000007a8700000,0x00000007a8700000)
  from space 118784K, 99% used [0x00000007a8700000,0x00000007afaf92f0,0x00000007afb00000)
  to   space 171008K, 0% used [0x00000007b5900000,0x00000007b5900000,0x00000007c0000000)
 ParOldGen       total 333824K, used 252663K [0x00000006c1000000, 0x00000006d5600000, 0x000000076b000000)
  object space 333824K, 75% used [0x00000006c1000000,0x00000006d06bdf88,0x00000006d5600000)
 Metaspace       used 3776K, capacity 4662K, committed 4864K, reserved 1056768K
  class space    used 431K, capacity 471K, committed 512K, reserved 1048576K
Event: 3.281 GC heap after
Heap after GC invocations=11 (full 1):
 PSYoungGen      total 1111040K, used 170999K [0x000000076b000000, 0x00000007c0000000, 0x00000007c0000000)
  eden space 940032K, 0% used [0x000000076b000000,0x000000076b000000,0x00000007a4600000)
  from space 171008K, 99% used [0x00000007b5900000,0x00000007bfffdc60,0x00000007c0000000)
  to   space 226304K, 0% used [0x00000007a4600000,0x00000007a4600000,0x00000007b2300000)
 ParOldGen       total 333824K, used 324079K [0x00000006c1000000, 0x00000006d5600000, 0x000000076b000000)
  object space 333824K, 97% used [0x00000006c1000000,0x00000006d4c7bf88,0x00000006d5600000)
 Metaspace       used 3776K, capacity 4662K, committed 4864K, reserved 1056768K
  class space    used 431K, capacity 471K, committed 512K, reserved 1048576K
}
Event: 3.281 GC heap before
{Heap before GC invocations=12 (full 2):
 PSYoungGen      total 1111040K, used 170999K [0x000000076b000000, 0x00000007c0000000, 0x00000007c0000000)
  eden space 940032K, 0% used [0x000000076b000000,0x000000076b000000,0x00000007a4600000)
  from space 171008K, 99% used [0x00000007b5900000,0x00000007bfffdc60,0x00000007c0000000)
  to   space 226304K, 0% used [0x00000007a4600000,0x00000007a4600000,0x00000007b2300000)
 ParOldGen       total 333824K, used 324079K [0x00000006c1000000, 0x00000006d5600000, 0x000000076b000000)
  object space 333824K, 97% used [0x00000006c1000000,0x00000006d4c7bf88,0x00000006d5600000)
 Metaspace       used 3776K, capacity 4662K, committed 4864K, reserved 1056768K
  class space    used 431K, capacity 471K, committed 512K, reserved 1048576K
Event: 5.580 GC heap after
Heap after GC invocations=12 (full 2):
 PSYoungGen      total 1111040K, used 170873K [0x000000076b000000, 0x00000007c0000000, 0x00000007c0000000)
  eden space 940032K, 0% used [0x000000076b000000,0x000000076b000000,0x00000007a4600000)
  from space 171008K, 99% used [0x00000007b5900000,0x00000007bffde798,0x00000007c0000000)
  to   space 226304K, 0% used [0x00000007a4600000,0x00000007a4600000,0x00000007b2300000)
 ParOldGen       total 576512K, used 307598K [0x00000006c1000000, 0x00000006e4300000, 0x000000076b000000)
  object space 576512K, 53% used [0x00000006c1000000,0x00000006d3c63888,0x00000006e4300000)
 Metaspace       used 3776K, capacity 4662K, committed 4864K, reserved 1056768K
  class space    used 431K, capacity 471K, committed 512K, reserved 1048576K
}
Event: 5.724 GC heap before
{Heap before GC invocations=13 (full 2):
 PSYoungGen      total 1111040K, used 1110905K [0x000000076b000000, 0x00000007c0000000, 0x00000007c0000000)
  eden space 940032K, 100% used [0x000000076b000000,0x00000007a4600000,0x00000007a4600000)
  from space 171008K, 99% used [0x00000007b5900000,0x00000007bffde798,0x00000007c0000000)
  to   space 226304K, 0% used [0x00000007a4600000,0x00000007a4600000,0x00000007b2300000)
 ParOldGen       total 576512K, used 307598K [0x00000006c1000000, 0x00000006e4300000, 0x000000076b000000)
  object space 576512K, 53% used [0x00000006c1000000,0x00000006d3c63888,0x00000006e4300000)
 Metaspace       used 3776K, capacity 4662K, committed 4864K, reserved 1056768K
  class space    used 431K, capacity 471K, committed 512K, reserved 1048576K
Event: 5.857 GC heap after
Heap after GC invocations=13 (full 2):
 PSYoungGen      total 1096192K, used 156066K [0x000000076b000000, 0x00000007c0000000, 0x00000007c0000000)
  eden space 940032K, 0% used [0x000000076b000000,0x000000076b000000,0x00000007a4600000)
  from space 156160K, 99% used [0x00000007a4600000,0x00000007ade68a88,0x00000007ade80000)
  to   space 239616K, 0% used [0x00000007b1600000,0x00000007b1600000,0x00000007c0000000)
 ParOldGen       total 576512K, used 442766K [0x00000006c1000000, 0x00000006e4300000, 0x000000076b000000)
  object space 576512K, 76% used [0x00000006c1000000,0x00000006dc063888,0x00000006e4300000)
 Metaspace       used 3776K, capacity 4662K, committed 4864K, reserved 1056768K
  class space    used 431K, capacity 471K, committed 512K, reserved 1048576K
}
Event: 5.999 GC heap before
{Heap before GC invocations=14 (full 2):
 PSYoungGen      total 1096192K, used 1096098K [0x000000076b000000, 0x00000007c0000000, 0x00000007c0000000)
  eden space 940032K, 100% used [0x000000076b000000,0x00000007a4600000,0x00000007a4600000)
  from space 156160K, 99% used [0x00000007a4600000,0x00000007ade68a88,0x00000007ade80000)
  to   space 239616K, 0% used [0x00000007b1600000,0x00000007b1600000,0x00000007c0000000)
 ParOldGen       total 576512K, used 442766K [0x00000006c1000000, 0x00000006e4300000, 0x000000076b000000)
  object space 576512K, 76% used [0x00000006c1000000,0x00000006dc063888,0x00000006e4300000)
 Metaspace       used 3776K, capacity 4662K, committed 4864K, reserved 1056768K
  class space    used 431K, capacity 471K, committed 512K, reserved 1048576K
Event: 6.105 GC heap after
Heap after GC invocations=14 (full 2):
 PSYoungGen      total 1053696K, used 239586K [0x000000076b000000, 0x00000007c0000000, 0x00000007c0000000)
  eden space 814080K, 0% used [0x000000076b000000,0x000000076b000000,0x000000079cb00000)
  from space 239616K, 99% used [0x00000007b1600000,0x00000007bfff8a88,0x00000007c0000000)
  to   space 289280K, 0% used [0x000000079cb00000,0x000000079cb00000,0x00000007ae580000)
 ParOldGen       total 576512K, used 467078K [0x00000006c1000000, 0x00000006e4300000, 0x000000076b000000)
  object space 576512K, 81% used [0x00000006c1000000,0x00000006dd821888,0x00000006e4300000)
 Metaspace       used 3776K, capacity 4662K, committed 4864K, reserved 1056768K
  class space    used 431K, capacity 471K, committed 512K, reserved 1048576K
}
Event: 6.105 GC heap before
{Heap before GC invocations=15 (full 3):
 PSYoungGen      total 1053696K, used 239586K [0x000000076b000000, 0x00000007c0000000, 0x00000007c0000000)
  eden space 814080K, 0% used [0x000000076b000000,0x000000076b000000,0x000000079cb00000)
  from space 239616K, 99% used [0x00000007b1600000,0x00000007bfff8a88,0x00000007c0000000)
  to   space 289280K, 0% used [0x000000079cb00000,0x000000079cb00000,0x00000007ae580000)
 ParOldGen       total 576512K, used 467078K [0x00000006c1000000, 0x00000006e4300000, 0x000000076b000000)
  object space 576512K, 81% used [0x00000006c1000000,0x00000006dd821888,0x00000006e4300000)
 Metaspace       used 3776K, capacity 4662K, committed 4864K, reserved 1056768K
  class space    used 431K, capacity 471K, committed 512K, reserved 1048576K

Deoptimization events (0 events):
No events

Classes redefined (0 events):
No events

Internal exceptions (4 events):
Event: 0.022 Thread 0x0000000002f2e000 Exception <a 'java/lang/NoSuchMethodError': Method sun.misc.Unsafe.defineClass(Ljava/lang/String;[BII)Ljava/lang/Class; name or signature does not match> (0x000000076b007cb8) thrown at [C:\re\workspace\8-2-build-windows-amd64-cygwin\jdk8u231\13620\hotspot
Event: 0.022 Thread 0x0000000002f2e000 Exception <a 'java/lang/NoSuchMethodError': Method sun.misc.Unsafe.prefetchRead(Ljava/lang/Object;J)V name or signature does not match> (0x000000076b007fa0) thrown at [C:\re\workspace\8-2-build-windows-amd64-cygwin\jdk8u231\13620\hotspot\src\share\vm\prim
Event: 0.070 Thread 0x0000000002f2e000 Exception <a 'java/lang/NoSuchFieldError': method resolution failed> (0x000000076b1473b0) thrown at [C:\re\workspace\8-2-build-windows-amd64-cygwin\jdk8u231\13620\hotspot\src\share\vm\prims\methodHandles.cpp, line 1167]
Event: 0.071 Thread 0x0000000002f2e000 Exception <a 'java/lang/NoSuchFieldError': method resolution failed> (0x000000076b52b880) thrown at [C:\re\workspace\8-2-build-windows-amd64-cygwin\jdk8u231\13620\hotspot\src\share\vm\prims\methodHandles.cpp, line 1167]

Events (10 events):
Event: 0.603 Executing VM operation: ParallelGCFailedAllocation done
Event: 0.681 Executing VM operation: ParallelGCFailedAllocation
Event: 2.325 Executing VM operation: ParallelGCFailedAllocation done
Event: 2.916 Executing VM operation: ParallelGCFailedAllocation
Event: 3.019 Executing VM operation: ParallelGCFailedAllocation done
Event: 3.169 Executing VM operation: ParallelGCFailedAllocation
Event: 5.581 Executing VM operation: ParallelGCFailedAllocation done
Event: 5.724 Executing VM operation: ParallelGCFailedAllocation
Event: 5.857 Executing VM operation: ParallelGCFailedAllocation done
Event: 5.999 Executing VM operation: ParallelGCFailedAllocation


Dynamic libraries:
0x00007ff66eb90000 - 0x00007ff66ebc7000 	C:\Program Files\Java\jdk1.8.0_231\bin\java.exe
0x00007ffcffcc0000 - 0x00007ffcffeb0000 	C:\Windows\SYSTEM32\ntdll.dll
0x00007ffcfdef0000 - 0x00007ffcfdfa2000 	C:\Windows\System32\KERNEL32.DLL
0x00007ffcfcfa0000 - 0x00007ffcfd243000 	C:\Windows\System32\KERNELBASE.dll
0x00007ffcff000000 - 0x00007ffcff0a3000 	C:\Windows\System32\ADVAPI32.dll
0x00007ffcff0c0000 - 0x00007ffcff15e000 	C:\Windows\System32\msvcrt.dll
0x00007ffcfdfb0000 - 0x00007ffcfe047000 	C:\Windows\System32\sechost.dll
0x00007ffcffb30000 - 0x00007ffcffc50000 	C:\Windows\System32\RPCRT4.dll
0x00007ffcfee60000 - 0x00007ffcfeff4000 	C:\Windows\System32\USER32.dll
0x00007ffcfd250000 - 0x00007ffcfd271000 	C:\Windows\System32\win32u.dll
0x00007ffcffc50000 - 0x00007ffcffc76000 	C:\Windows\System32\GDI32.dll
0x00007ffcfdb20000 - 0x00007ffcfdcb4000 	C:\Windows\System32\gdi32full.dll
0x00007ffcfd300000 - 0x00007ffcfd39e000 	C:\Windows\System32\msvcp_win.dll
0x00007ffcfcc80000 - 0x00007ffcfcd7a000 	C:\Windows\System32\ucrtbase.dll
0x00007ffce7d20000 - 0x00007ffce7fa5000 	C:\Windows\WinSxS\amd64_microsoft.windows.common-controls_6595b64144ccf1df_6.0.18362.720_none_e6beb5c51314836b\COMCTL32.dll
0x00007ffcfea40000 - 0x00007ffcfed76000 	C:\Windows\System32\combase.dll
0x00007ffcfd280000 - 0x00007ffcfd300000 	C:\Windows\System32\bcryptPrimitives.dll
0x00007ffcff160000 - 0x00007ffcff18e000 	C:\Windows\System32\IMM32.DLL
0x000000006c430000 - 0x000000006c502000 	C:\Program Files\Java\jdk1.8.0_231\jre\bin\msvcr100.dll
0x000000006c510000 - 0x000000006cdb6000 	C:\Program Files\Java\jdk1.8.0_231\jre\bin\server\jvm.dll
0x00007ffcff0b0000 - 0x00007ffcff0b8000 	C:\Windows\System32\PSAPI.DLL
0x00007ffcf0230000 - 0x00007ffcf0239000 	C:\Windows\SYSTEM32\WSOCK32.dll
0x00007ffcfad90000 - 0x00007ffcfadb4000 	C:\Windows\SYSTEM32\WINMM.dll
0x00007ffcf8f00000 - 0x00007ffcf8f0a000 	C:\Windows\SYSTEM32\VERSION.dll
0x00007ffcff360000 - 0x00007ffcff3cf000 	C:\Windows\System32\WS2_32.dll
0x00007ffcfad60000 - 0x00007ffcfad8d000 	C:\Windows\SYSTEM32\winmmbase.dll
0x00007ffcfdcc0000 - 0x00007ffcfdd0a000 	C:\Windows\System32\cfgmgr32.dll
0x00007ffcfae20000 - 0x00007ffcfae2f000 	C:\Program Files\Java\jdk1.8.0_231\jre\bin\verify.dll
0x00007ffcf9220000 - 0x00007ffcf9249000 	C:\Program Files\Java\jdk1.8.0_231\jre\bin\java.dll
0x00007ffcf5610000 - 0x00007ffcf5626000 	C:\Program Files\Java\jdk1.8.0_231\jre\bin\zip.dll
0x00007ffcfe270000 - 0x00007ffcfe955000 	C:\Windows\System32\SHELL32.dll
0x00007ffcff3d0000 - 0x00007ffcff479000 	C:\Windows\System32\shcore.dll
0x00007ffcfd3a0000 - 0x00007ffcfdb20000 	C:\Windows\System32\windows.storage.dll
0x00007ffcfcb90000 - 0x00007ffcfcbb3000 	C:\Windows\System32\profapi.dll
0x00007ffcfcc00000 - 0x00007ffcfcc4a000 	C:\Windows\System32\powrprof.dll
0x00007ffcfcb80000 - 0x00007ffcfcb90000 	C:\Windows\System32\UMPDC.dll
0x00007ffcffab0000 - 0x00007ffcffb02000 	C:\Windows\System32\shlwapi.dll
0x00007ffcfcbe0000 - 0x00007ffcfcbf1000 	C:\Windows\System32\kernel.appcore.dll
0x00007ffcfcd80000 - 0x00007ffcfcd97000 	C:\Windows\System32\cryptsp.dll
0x00007ffcf70c0000 - 0x00007ffcf72b4000 	C:\Windows\SYSTEM32\dbghelp.dll

VM Arguments:
jvm_args: -Dfile.encoding=UTF-8 
java_command: at.eliastrummer.bruteforce.BrutoForceManager
java_class_path (initial): D:\Schule\Schuljahr_2019-20\POS_2019-20\Java\Exa_405_BruteForce\build\classes
Launcher Type: SUN_STANDARD

Environment Variables:
PATH=C:\Program Files\Java\jre1.8.0_231\bin;C:\Program Files\Java\jdk1.8.0_231\bin;P:\Windows\Node;C:\Windows\system32;C:\Windows;C:\Windows\System32\Wbem;P:\Windows\Gradle\gradle-5.6.3\bin;C:\Users\Elias\AppData\Local\Android\Sdk\tools;C:\Users\Elias\AppData\Local\Android\Sdk\plattform-tools;C:\Users\Elias\AppData\Local\Android\Sdk;P:\Windows\Git\bin;P:\Windows\Putty\;C:\Go\bin;P:\Windows\PostgreSQL\12\bin;P:\Windows\LLVM\bin;P:\Windows\adb\platform-tools;C:\Users\Elias\.cargo\bin;C:\Users\Elias\AppData\Local\Microsoft\WindowsApps;;P:\Windows\Microsoft VS Code\bin;C:\Users\Elias\AppData\Roaming\npm;C:\Users\Elias\go\bin;P:\Windows\GoLand 2019.3\bin;
USERNAME=Elias
OS=Windows_NT
PROCESSOR_IDENTIFIER=Intel64 Family 6 Model 158 Stepping 12, GenuineIntel



---------------  S Y S T E M  ---------------

OS: Windows 10.0 , 64 bit Build 18362 (10.0.18362.329)

CPU:total 16 (initial active 16) (8 cores per cpu, 2 threads per core) family 6 model 158 stepping 12, cmov, cx8, fxsr, mmx, sse, sse2, sse3, ssse3, sse4.1, sse4.2, popcnt, avx, avx2, aes, clmul, erms, rtm, 3dnowpref, lzcnt, ht, tsc, tscinvbit, bmi1, bmi2, adx

Memory: 4k page, physical 16708500k(8326452k free), swap 19198868k(4785392k free)

vm_info: Java HotSpot(TM) 64-Bit Server VM (25.231-b11) for windows-amd64 JRE (1.8.0_231-b11), built on Oct  5 2019 03:11:30 by "java_re" with MS VC++ 10.0 (VS2010)

time: Mon Mar 16 11:14:21 2020
timezone: Mitteleuropäische Zeit
elapsed time: 7 seconds (0d 0h 0m 7s)

